Using pre-set license

 COMMAND LINE ARGUMENTS:
/Users/evena/Desktop/unity/2020.3.6f1/Unity.app/Contents/MacOS/Unity
-adb2
-batchMode
-noUpm
-name
AssetImportWorker0
-projectPath
/Users/evena/Documents/GitHub/CIT_Projects/HJ
-logFile
Logs/AssetImportWorker0.log
-srvPort
63706
Successfully changed project path to: /Users/evena/Documents/GitHub/CIT_Projects/HJ
/Users/evena/Documents/GitHub/CIT_Projects/HJ
Using Asset Import Pipeline V2.
Refreshing native plugins compatible for Editor in 33.97 ms, found 1 plugins.
Preloading 0 native plugins for Editor in 0.00 ms.
Initialize engine version: 2020.3.6f1 (338bb68529b2)
[Subsystems] Discovering subsystems at path /Users/evena/Desktop/unity/2020.3.6f1/Unity.app/Contents/Resources/UnitySubsystems
[Subsystems] Discovering subsystems at path /Users/evena/Documents/GitHub/CIT_Projects/HJ/Assets
GfxDevice: creating device client; threaded=0
2021-07-11 13:02:44.083 Unity[27410:2346829] Color LCD preferred device: Intel(R) UHD Graphics 617 (low power)
2021-07-11 13:02:44.083 Unity[27410:2346829] Metal devices available: 1
2021-07-11 13:02:44.083 Unity[27410:2346829] 0: Intel(R) UHD Graphics 617 (low power)
2021-07-11 13:02:44.084 Unity[27410:2346829] Using device Intel(R) UHD Graphics 617 (low power)
Initializing Metal device caps: Intel(R) UHD Graphics 617
Initialize mono
Mono path[0] = '/Users/evena/Desktop/unity/2020.3.6f1/Unity.app/Contents/Managed'
Mono path[1] = '/Users/evena/Desktop/unity/2020.3.6f1/Unity.app/Contents/MonoBleedingEdge/lib/mono/unityjit'
Mono config path = '/Users/evena/Desktop/unity/2020.3.6f1/Unity.app/Contents/MonoBleedingEdge/etc'
Using monoOptions --debugger-agent=transport=dt_socket,embedding=1,server=y,suspend=n,address=127.0.0.1:56410
Begin MonoManager ReloadAssembly
Registering precompiled unity dll's ...
Register platform support module: /Users/evena/Desktop/unity/2020.3.6f1/Unity.app/Contents/PlaybackEngines/MacStandaloneSupport/UnityEditor.OSXStandalone.Extensions.dll
Register platform support module: /Users/evena/Desktop/unity/2020.3.6f1/PlaybackEngines/WindowsStandaloneSupport/UnityEditor.WindowsStandalone.Extensions.dll
Registered in 0.000598 seconds.
Native extension for WindowsStandalone target not found
Native extension for OSXStandalone target not found
Refreshing native plugins compatible for Editor in 26.78 ms, found 1 plugins.
Preloading 0 native plugins for Editor in 0.00 ms.
Mono: successfully reloaded assembly
- Completed reload, in  2.085 seconds
Platform modules already initialized, skipping
Registering precompiled user dll's ...
Registered in 0.000468 seconds.
Begin MonoManager ReloadAssembly
Native extension for WindowsStandalone target not found
Native extension for OSXStandalone target not found
Refreshing native plugins compatible for Editor in 0.24 ms, found 1 plugins.
Preloading 0 native plugins for Editor in 0.00 ms.
Mono: successfully reloaded assembly
- Completed reload, in  1.236 seconds
Platform modules already initialized, skipping
========================================================================
Worker process is ready to serve import requests
Launching external process: /Users/evena/Desktop/unity/2020.3.6f1/Unity.app/Contents/Tools/UnityShaderCompiler
Launched and connected shader compiler UnityShaderCompiler after 0.02 seconds
Refreshing native plugins compatible for Editor in 0.38 ms, found 1 plugins.
Preloading 0 native plugins for Editor in 0.00 ms.
Unloading 1120 Unused Serialized files (Serialized files now loaded: 0)
System memory in use before: 117.9 MB.
System memory in use after: 117.9 MB.

Unloading 9 unused Assets to reduce memory usage. Loaded Objects now: 1568.
Total: 3.376591 ms (FindLiveObjects: 0.543941 ms CreateObjectMapping: 0.146564 ms MarkObjects: 2.556420 ms  DeleteObjects: 0.125334 ms)

========================================================================
Received Import Request.
  path: Assets/Animations/Player.controller
  artifactKey: Guid(e42bb70d1d6494927bf77617a178a08c) Importer(815301076,1909f56bfc062723c751e8b465ee728b)
Start importing Assets/Animations/Player.controller using Guid(e42bb70d1d6494927bf77617a178a08c) Importer(815301076,1909f56bfc062723c751e8b465ee728b)  -> (artifact id: '449d65f4e671e0998d9f0ef549a673e6') in 0.503152 seconds
  Import took 0.510198 seconds .

========================================================================
Received Prepare
Registering precompiled user dll's ...
Registered in 0.000667 seconds.
Begin MonoManager ReloadAssembly
Native extension for WindowsStandalone target not found
Native extension for OSXStandalone target not found
Refreshing native plugins compatible for Editor in 0.26 ms, found 1 plugins.
Preloading 0 native plugins for Editor in 0.00 ms.
Mono: successfully reloaded assembly
- Completed reload, in  1.258 seconds
Platform modules already initialized, skipping
Refreshing native plugins compatible for Editor in 0.33 ms, found 1 plugins.
Preloading 0 native plugins for Editor in 0.00 ms.
Unloading 1109 Unused Serialized files (Serialized files now loaded: 0)
System memory in use before: 121.7 MB.
System memory in use after: 121.8 MB.

Unloading 4 unused Assets to reduce memory usage. Loaded Objects now: 1571.
Total: 4.029460 ms (FindLiveObjects: 0.430293 ms CreateObjectMapping: 0.109850 ms MarkObjects: 3.448959 ms  DeleteObjects: 0.036879 ms)

========================================================================
Received Import Request.
  Time since last request: 533.422670 seconds.
  path: Assets/Scripts/PlayerScript.cs
  artifactKey: Guid(eef780b792fd343ba9348cd751b707da) Importer(815301076,1909f56bfc062723c751e8b465ee728b)
Start importing Assets/Scripts/PlayerScript.cs using Guid(eef780b792fd343ba9348cd751b707da) Importer(815301076,1909f56bfc062723c751e8b465ee728b)  -> (artifact id: '24f799b715005c3a31160c0e87bfe282') in 0.364851 seconds
  Import took 0.369432 seconds .

========================================================================
Received Prepare
Registering precompiled user dll's ...
Registered in 0.000483 seconds.
Begin MonoManager ReloadAssembly
Native extension for WindowsStandalone target not found
Native extension for OSXStandalone target not found
Refreshing native plugins compatible for Editor in 0.27 ms, found 1 plugins.
Preloading 0 native plugins for Editor in 0.00 ms.
Mono: successfully reloaded assembly
- Completed reload, in  1.212 seconds
Platform modules already initialized, skipping
Refreshing native plugins compatible for Editor in 0.47 ms, found 1 plugins.
Preloading 0 native plugins for Editor in 0.00 ms.
Unloading 1109 Unused Serialized files (Serialized files now loaded: 0)
System memory in use before: 126.2 MB.
System memory in use after: 126.2 MB.

Unloading 4 unused Assets to reduce memory usage. Loaded Objects now: 1574.
Total: 2.335914 ms (FindLiveObjects: 0.208997 ms CreateObjectMapping: 0.045536 ms MarkObjects: 2.046589 ms  DeleteObjects: 0.033350 ms)

========================================================================
Received Import Request.
  Time since last request: 1037.536694 seconds.
  path: Assets/Scripts/PlayerScript.cs
  artifactKey: Guid(eef780b792fd343ba9348cd751b707da) Importer(815301076,1909f56bfc062723c751e8b465ee728b)
Start importing Assets/Scripts/PlayerScript.cs using Guid(eef780b792fd343ba9348cd751b707da) Importer(815301076,1909f56bfc062723c751e8b465ee728b)  -> (artifact id: '3267237911d0f6586482f4a314d99cfa') in 0.006935 seconds
  Import took 0.009248 seconds .

========================================================================
Received Import Request.
  Time since last request: 2.105071 seconds.
  path: Assets/Scripts/PlayerScript.cs
  artifactKey: Guid(eef780b792fd343ba9348cd751b707da) Importer(815301076,1909f56bfc062723c751e8b465ee728b)
Start importing Assets/Scripts/PlayerScript.cs using Guid(eef780b792fd343ba9348cd751b707da) Importer(815301076,1909f56bfc062723c751e8b465ee728b)  -> (artifact id: '3267237911d0f6586482f4a314d99cfa') in 0.004052 seconds
  Import took 0.006590 seconds .

========================================================================
Received Prepare
Registering precompiled user dll's ...
Registered in 0.000491 seconds.
Begin MonoManager ReloadAssembly
Native extension for WindowsStandalone target not found
Native extension for OSXStandalone target not found
Refreshing native plugins compatible for Editor in 0.46 ms, found 1 plugins.
Preloading 0 native plugins for Editor in 0.00 ms.
Mono: successfully reloaded assembly
- Completed reload, in  1.276 seconds
Platform modules already initialized, skipping
Refreshing native plugins compatible for Editor in 0.31 ms, found 1 plugins.
Preloading 0 native plugins for Editor in 0.00 ms.
Unloading 1109 Unused Serialized files (Serialized files now loaded: 0)
System memory in use before: 126.3 MB.
System memory in use after: 126.4 MB.

Unloading 4 unused Assets to reduce memory usage. Loaded Objects now: 1577.
Total: 2.856594 ms (FindLiveObjects: 0.387908 ms CreateObjectMapping: 0.094463 ms MarkObjects: 2.350880 ms  DeleteObjects: 0.021440 ms)

========================================================================
Received Prepare
Registering precompiled user dll's ...
Registered in 0.000435 seconds.
Begin MonoManager ReloadAssembly
Native extension for WindowsStandalone target not found
Native extension for OSXStandalone target not found
Refreshing native plugins compatible for Editor in 0.35 ms, found 1 plugins.
Preloading 0 native plugins for Editor in 0.00 ms.
Mono: successfully reloaded assembly
- Completed reload, in  1.584 seconds
Platform modules already initialized, skipping
Refreshing native plugins compatible for Editor in 0.48 ms, found 1 plugins.
Preloading 0 native plugins for Editor in 0.00 ms.
Unloading 1109 Unused Serialized files (Serialized files now loaded: 0)
System memory in use before: 126.5 MB.
System memory in use after: 126.6 MB.

Unloading 4 unused Assets to reduce memory usage. Loaded Objects now: 1580.
Total: 3.206641 ms (FindLiveObjects: 0.299470 ms CreateObjectMapping: 0.126171 ms MarkObjects: 2.752087 ms  DeleteObjects: 0.026898 ms)

========================================================================
Received Import Request.
  Time since last request: 268.794788 seconds.
  path: Assets/Scripts/PlayerScript.cs
  artifactKey: Guid(eef780b792fd343ba9348cd751b707da) Importer(815301076,1909f56bfc062723c751e8b465ee728b)
Start importing Assets/Scripts/PlayerScript.cs using Guid(eef780b792fd343ba9348cd751b707da) Importer(815301076,1909f56bfc062723c751e8b465ee728b)  -> (artifact id: '51b559ef843e333b6da721821dfd15e3') in 0.011386 seconds
  Import took 0.014814 seconds .

========================================================================
Received Prepare
Registering precompiled user dll's ...
Registered in 0.000591 seconds.
Begin MonoManager ReloadAssembly
Native extension for WindowsStandalone target not found
Native extension for OSXStandalone target not found
Refreshing native plugins compatible for Editor in 0.30 ms, found 1 plugins.
Preloading 0 native plugins for Editor in 0.00 ms.
Mono: successfully reloaded assembly
- Completed reload, in  1.317 seconds
Platform modules already initialized, skipping
Refreshing native plugins compatible for Editor in 0.31 ms, found 1 plugins.
Preloading 0 native plugins for Editor in 0.00 ms.
Unloading 1109 Unused Serialized files (Serialized files now loaded: 0)
System memory in use before: 126.7 MB.
System memory in use after: 126.8 MB.

Unloading 4 unused Assets to reduce memory usage. Loaded Objects now: 1583.
Total: 2.802586 ms (FindLiveObjects: 0.325503 ms CreateObjectMapping: 0.146606 ms MarkObjects: 2.303988 ms  DeleteObjects: 0.022328 ms)

========================================================================
Received Prepare
Registering precompiled user dll's ...
Registered in 0.000505 seconds.
Begin MonoManager ReloadAssembly
Native extension for WindowsStandalone target not found
Native extension for OSXStandalone target not found
Refreshing native plugins compatible for Editor in 0.39 ms, found 1 plugins.
Preloading 0 native plugins for Editor in 0.00 ms.
Mono: successfully reloaded assembly
- Completed reload, in  1.324 seconds
Platform modules already initialized, skipping
Refreshing native plugins compatible for Editor in 0.40 ms, found 1 plugins.
Preloading 0 native plugins for Editor in 0.00 ms.
Unloading 1109 Unused Serialized files (Serialized files now loaded: 0)
System memory in use before: 126.9 MB.
System memory in use after: 127.0 MB.

Unloading 4 unused Assets to reduce memory usage. Loaded Objects now: 1586.
Total: 3.668030 ms (FindLiveObjects: 0.318982 ms CreateObjectMapping: 0.073652 ms MarkObjects: 3.250022 ms  DeleteObjects: 0.023636 ms)

========================================================================
Received Import Request.
  Time since last request: 233.596053 seconds.
  path: Assets/Scripts/PlayerScript.cs
  artifactKey: Guid(eef780b792fd343ba9348cd751b707da) Importer(815301076,1909f56bfc062723c751e8b465ee728b)
Start importing Assets/Scripts/PlayerScript.cs using Guid(eef780b792fd343ba9348cd751b707da) Importer(815301076,1909f56bfc062723c751e8b465ee728b)  -> (artifact id: '935071d92f044e6f8cf26ec7cc1bc2db') in 0.009180 seconds
  Import took 0.013324 seconds .

========================================================================
Received Import Request.
  Time since last request: 1.895113 seconds.
  path: Assets/Scripts/PlayerScript.cs
  artifactKey: Guid(eef780b792fd343ba9348cd751b707da) Importer(815301076,1909f56bfc062723c751e8b465ee728b)
Start importing Assets/Scripts/PlayerScript.cs using Guid(eef780b792fd343ba9348cd751b707da) Importer(815301076,1909f56bfc062723c751e8b465ee728b)  -> (artifact id: '935071d92f044e6f8cf26ec7cc1bc2db') in 0.004908 seconds
  Import took 0.007322 seconds .

========================================================================
Received Import Request.
  Time since last request: 67.021732 seconds.
  path: Assets/Animations/WeaponPutBack - BackWeapon.anim
  artifactKey: Guid(988451637986345cd8c0c598b476119c) Importer(815301076,1909f56bfc062723c751e8b465ee728b)
Start importing Assets/Animations/WeaponPutBack - BackWeapon.anim using Guid(988451637986345cd8c0c598b476119c) Importer(815301076,1909f56bfc062723c751e8b465ee728b)  -> (artifact id: 'ead1002142019f66c88fac2af9b63432') in 0.389996 seconds
  Import took 0.394434 seconds .

========================================================================
Received Import Request.
  Time since last request: 57.638432 seconds.
  path: Assets/Animations/WeaponWield - BackWeapon.anim
  artifactKey: Guid(0761cf379cab24c159047771a69aa4fa) Importer(815301076,1909f56bfc062723c751e8b465ee728b)
Start importing Assets/Animations/WeaponWield - BackWeapon.anim using Guid(0761cf379cab24c159047771a69aa4fa) Importer(815301076,1909f56bfc062723c751e8b465ee728b)  -> (artifact id: '12d39889bad93c7632db93f0d32cd3f9') in 0.008073 seconds
  Import took 0.012168 seconds .

========================================================================
Received Import Request.
  Time since last request: 6.904678 seconds.
  path: Assets/Animations/LeftLegWalk.anim
  artifactKey: Guid(095ca3372c54c427e9d514091194fd3b) Importer(815301076,1909f56bfc062723c751e8b465ee728b)
Start importing Assets/Animations/LeftLegWalk.anim using Guid(095ca3372c54c427e9d514091194fd3b) Importer(815301076,1909f56bfc062723c751e8b465ee728b)  -> (artifact id: '4abb01badee6eef91223676fc225ec00') in 0.005505 seconds
  Import took 0.008519 seconds .

========================================================================
Received Import Request.
  Time since last request: 1.253805 seconds.
  path: Assets/Animations/RightLegWalk.anim
  artifactKey: Guid(8b825770f67a94a65a5f5251cda9a27d) Importer(815301076,1909f56bfc062723c751e8b465ee728b)
Start importing Assets/Animations/RightLegWalk.anim using Guid(8b825770f67a94a65a5f5251cda9a27d) Importer(815301076,1909f56bfc062723c751e8b465ee728b)  -> (artifact id: 'f2e6dcb59eefbb01f9049237dcc034db') in 0.005974 seconds
  Import took 0.009998 seconds .

========================================================================
Received Prepare
Registering precompiled user dll's ...
Registered in 0.001061 seconds.
Begin MonoManager ReloadAssembly
Native extension for WindowsStandalone target not found
Native extension for OSXStandalone target not found
Refreshing native plugins compatible for Editor in 0.28 ms, found 1 plugins.
Preloading 0 native plugins for Editor in 0.00 ms.
Mono: successfully reloaded assembly
- Completed reload, in  1.280 seconds
Platform modules already initialized, skipping
Refreshing native plugins compatible for Editor in 0.44 ms, found 1 plugins.
Preloading 0 native plugins for Editor in 0.00 ms.
Unloading 1109 Unused Serialized files (Serialized files now loaded: 0)
System memory in use before: 131.3 MB.
System memory in use after: 131.4 MB.

Unloading 4 unused Assets to reduce memory usage. Loaded Objects now: 1589.
Total: 2.917905 ms (FindLiveObjects: 0.406240 ms CreateObjectMapping: 0.085284 ms MarkObjects: 2.399700 ms  DeleteObjects: 0.023413 ms)

========================================================================
Received Prepare
Registering precompiled user dll's ...
Registered in 0.000434 seconds.
Begin MonoManager ReloadAssembly
Native extension for WindowsStandalone target not found
Native extension for OSXStandalone target not found
Refreshing native plugins compatible for Editor in 0.47 ms, found 1 plugins.
Preloading 0 native plugins for Editor in 0.00 ms.
Mono: successfully reloaded assembly
- Completed reload, in  1.358 seconds
Platform modules already initialized, skipping
Refreshing native plugins compatible for Editor in 0.26 ms, found 1 plugins.
Preloading 0 native plugins for Editor in 0.00 ms.
Unloading 1109 Unused Serialized files (Serialized files now loaded: 0)
System memory in use before: 131.5 MB.
System memory in use after: 131.6 MB.

Unloading 4 unused Assets to reduce memory usage. Loaded Objects now: 1592.
Total: 2.765216 ms (FindLiveObjects: 0.265967 ms CreateObjectMapping: 0.076540 ms MarkObjects: 2.349725 ms  DeleteObjects: 0.020164 ms)

========================================================================
Received Import Request.
  Time since last request: 372.973091 seconds.
  path: Assets/Scripts/PlayerScript.cs
  artifactKey: Guid(eef780b792fd343ba9348cd751b707da) Importer(815301076,1909f56bfc062723c751e8b465ee728b)
Start importing Assets/Scripts/PlayerScript.cs using Guid(eef780b792fd343ba9348cd751b707da) Importer(815301076,1909f56bfc062723c751e8b465ee728b)  -> (artifact id: '931b6afac7a13268ab6cc6214cc0cbf4') in 0.004024 seconds
  Import took 0.006504 seconds .

========================================================================
Received Prepare
Registering precompiled user dll's ...
Registered in 0.000724 seconds.
Begin MonoManager ReloadAssembly
Native extension for WindowsStandalone target not found
Native extension for OSXStandalone target not found
Refreshing native plugins compatible for Editor in 0.26 ms, found 1 plugins.
Preloading 0 native plugins for Editor in 0.00 ms.
Mono: successfully reloaded assembly
- Completed reload, in  1.308 seconds
Platform modules already initialized, skipping
Refreshing native plugins compatible for Editor in 0.44 ms, found 1 plugins.
Preloading 0 native plugins for Editor in 0.00 ms.
Unloading 1109 Unused Serialized files (Serialized files now loaded: 0)
System memory in use before: 131.7 MB.
System memory in use after: 131.7 MB.

Unloading 4 unused Assets to reduce memory usage. Loaded Objects now: 1595.
Total: 2.100542 ms (FindLiveObjects: 0.225078 ms CreateObjectMapping: 0.052117 ms MarkObjects: 1.798639 ms  DeleteObjects: 0.023042 ms)

========================================================================
Received Import Request.
  Time since last request: 59.726790 seconds.
  path: Assets/Scripts/PlayerScript.cs
  artifactKey: Guid(eef780b792fd343ba9348cd751b707da) Importer(815301076,1909f56bfc062723c751e8b465ee728b)
Start importing Assets/Scripts/PlayerScript.cs using Guid(eef780b792fd343ba9348cd751b707da) Importer(815301076,1909f56bfc062723c751e8b465ee728b)  -> (artifact id: '329ec59e2ef7b408a39b96bea9f80985') in 0.003641 seconds
  Import took 0.005755 seconds .

========================================================================
Received Import Request.
  Time since last request: 2.188644 seconds.
  path: Assets/Scripts/PlayerScript.cs
  artifactKey: Guid(eef780b792fd343ba9348cd751b707da) Importer(815301076,1909f56bfc062723c751e8b465ee728b)
Start importing Assets/Scripts/PlayerScript.cs using Guid(eef780b792fd343ba9348cd751b707da) Importer(815301076,1909f56bfc062723c751e8b465ee728b)  -> (artifact id: '329ec59e2ef7b408a39b96bea9f80985') in 0.001971 seconds
  Import took 0.004298 seconds .

========================================================================
Received Prepare
Registering precompiled user dll's ...
Registered in 0.000584 seconds.
Begin MonoManager ReloadAssembly
Native extension for WindowsStandalone target not found
Native extension for OSXStandalone target not found
Refreshing native plugins compatible for Editor in 0.32 ms, found 1 plugins.
Preloading 0 native plugins for Editor in 0.00 ms.
Mono: successfully reloaded assembly
- Completed reload, in  1.443 seconds
Platform modules already initialized, skipping
Refreshing native plugins compatible for Editor in 0.38 ms, found 1 plugins.
Preloading 0 native plugins for Editor in 0.00 ms.
Unloading 1109 Unused Serialized files (Serialized files now loaded: 0)
System memory in use before: 131.9 MB.
System memory in use after: 132.0 MB.

Unloading 4 unused Assets to reduce memory usage. Loaded Objects now: 1598.
Total: 3.518481 ms (FindLiveObjects: 0.206578 ms CreateObjectMapping: 0.146995 ms MarkObjects: 3.141455 ms  DeleteObjects: 0.021502 ms)

========================================================================
Received Prepare
Registering precompiled user dll's ...
Registered in 0.000472 seconds.
Begin MonoManager ReloadAssembly
Native extension for WindowsStandalone target not found
Native extension for OSXStandalone target not found
Refreshing native plugins compatible for Editor in 0.42 ms, found 1 plugins.
Preloading 0 native plugins for Editor in 0.00 ms.
Mono: successfully reloaded assembly
- Completed reload, in  1.245 seconds
Platform modules already initialized, skipping
Refreshing native plugins compatible for Editor in 0.32 ms, found 1 plugins.
Preloading 0 native plugins for Editor in 0.00 ms.
Unloading 1109 Unused Serialized files (Serialized files now loaded: 0)
System memory in use before: 132.0 MB.
System memory in use after: 132.1 MB.

Unloading 4 unused Assets to reduce memory usage. Loaded Objects now: 1601.
Total: 3.374383 ms (FindLiveObjects: 0.320664 ms CreateObjectMapping: 0.121320 ms MarkObjects: 2.907832 ms  DeleteObjects: 0.022229 ms)

========================================================================
Received Import Request.
  Time since last request: 139.301060 seconds.
  path: Assets/Scripts/PlayerScript.cs
  artifactKey: Guid(eef780b792fd343ba9348cd751b707da) Importer(815301076,1909f56bfc062723c751e8b465ee728b)
Start importing Assets/Scripts/PlayerScript.cs using Guid(eef780b792fd343ba9348cd751b707da) Importer(815301076,1909f56bfc062723c751e8b465ee728b)  -> (artifact id: '0a77f2d4e2b5d0636ec806f7d500ecd5') in 0.004986 seconds
  Import took 0.009569 seconds .

========================================================================
Received Import Request.
  Time since last request: 0.047192 seconds.
  path: Assets/Scripts/PlayerScript.cs
  artifactKey: Guid(eef780b792fd343ba9348cd751b707da) Importer(815301076,1909f56bfc062723c751e8b465ee728b)
Start importing Assets/Scripts/PlayerScript.cs using Guid(eef780b792fd343ba9348cd751b707da) Importer(815301076,1909f56bfc062723c751e8b465ee728b)  -> (artifact id: '0a77f2d4e2b5d0636ec806f7d500ecd5') in 0.004729 seconds
  Import took 0.010342 seconds .

========================================================================
Received Prepare
Registering precompiled user dll's ...
Registered in 0.000559 seconds.
Begin MonoManager ReloadAssembly
Native extension for WindowsStandalone target not found
Native extension for OSXStandalone target not found
Refreshing native plugins compatible for Editor in 0.26 ms, found 1 plugins.
Preloading 0 native plugins for Editor in 0.00 ms.
Mono: successfully reloaded assembly
- Completed reload, in  1.384 seconds
Platform modules already initialized, skipping
Refreshing native plugins compatible for Editor in 0.36 ms, found 1 plugins.
Preloading 0 native plugins for Editor in 0.00 ms.
Unloading 1109 Unused Serialized files (Serialized files now loaded: 0)
System memory in use before: 132.2 MB.
System memory in use after: 132.3 MB.

Unloading 4 unused Assets to reduce memory usage. Loaded Objects now: 1604.
Total: 2.095284 ms (FindLiveObjects: 0.224903 ms CreateObjectMapping: 0.048866 ms MarkObjects: 1.783766 ms  DeleteObjects: 0.036383 ms)

========================================================================
Received Import Request.
  Time since last request: 71.494576 seconds.
  path: Assets/Scripts/PlayerScript.cs
  artifactKey: Guid(eef780b792fd343ba9348cd751b707da) Importer(815301076,1909f56bfc062723c751e8b465ee728b)
Start importing Assets/Scripts/PlayerScript.cs using Guid(eef780b792fd343ba9348cd751b707da) Importer(815301076,1909f56bfc062723c751e8b465ee728b)  -> (artifact id: 'ca6c68e72d2b5bdf59eb517fc88bdfb8') in 0.004025 seconds
  Import took 0.007187 seconds .

========================================================================
Received Import Request.
  Time since last request: 1.761225 seconds.
  path: Assets/Scripts/PlayerScript.cs
  artifactKey: Guid(eef780b792fd343ba9348cd751b707da) Importer(815301076,1909f56bfc062723c751e8b465ee728b)
Start importing Assets/Scripts/PlayerScript.cs using Guid(eef780b792fd343ba9348cd751b707da) Importer(815301076,1909f56bfc062723c751e8b465ee728b)  -> (artifact id: 'ca6c68e72d2b5bdf59eb517fc88bdfb8') in 0.001811 seconds
  Import took 0.004137 seconds .

========================================================================
Received Prepare
Registering precompiled user dll's ...
Registered in 0.002386 seconds.
Begin MonoManager ReloadAssembly
Native extension for WindowsStandalone target not found
Native extension for OSXStandalone target not found
Refreshing native plugins compatible for Editor in 0.40 ms, found 1 plugins.
Preloading 0 native plugins for Editor in 0.00 ms.
Mono: successfully reloaded assembly
- Completed reload, in  2.249 seconds
Platform modules already initialized, skipping
Refreshing native plugins compatible for Editor in 0.45 ms, found 1 plugins.
Preloading 0 native plugins for Editor in 0.00 ms.
Unloading 1109 Unused Serialized files (Serialized files now loaded: 0)
System memory in use before: 132.4 MB.
System memory in use after: 132.5 MB.

Unloading 4 unused Assets to reduce memory usage. Loaded Objects now: 1607.
Total: 3.774929 ms (FindLiveObjects: 0.530278 ms CreateObjectMapping: 0.158526 ms MarkObjects: 3.059313 ms  DeleteObjects: 0.024218 ms)

========================================================================
Received Prepare
Registering precompiled user dll's ...
Registered in 0.000441 seconds.
Begin MonoManager ReloadAssembly
Native extension for WindowsStandalone target not found
Native extension for OSXStandalone target not found
Refreshing native plugins compatible for Editor in 0.28 ms, found 1 plugins.
Preloading 0 native plugins for Editor in 0.00 ms.
Mono: successfully reloaded assembly
- Completed reload, in  1.208 seconds
Platform modules already initialized, skipping
Refreshing native plugins compatible for Editor in 0.30 ms, found 1 plugins.
Preloading 0 native plugins for Editor in 0.00 ms.
Unloading 1109 Unused Serialized files (Serialized files now loaded: 0)
System memory in use before: 132.6 MB.
System memory in use after: 132.6 MB.

Unloading 4 unused Assets to reduce memory usage. Loaded Objects now: 1610.
Total: 2.718935 ms (FindLiveObjects: 0.515734 ms CreateObjectMapping: 0.086113 ms MarkObjects: 2.093229 ms  DeleteObjects: 0.021803 ms)

========================================================================
Received Import Request.
  Time since last request: 98.083243 seconds.
  path: Assets/Scripts/PlayerScript.cs
  artifactKey: Guid(eef780b792fd343ba9348cd751b707da) Importer(815301076,1909f56bfc062723c751e8b465ee728b)
Start importing Assets/Scripts/PlayerScript.cs using Guid(eef780b792fd343ba9348cd751b707da) Importer(815301076,1909f56bfc062723c751e8b465ee728b)  -> (artifact id: '0b1fbbfff2daaf133fdf2258095d664c') in 0.005762 seconds
  Import took 0.009193 seconds .

========================================================================
Received Prepare
Registering precompiled user dll's ...
Registered in 0.000633 seconds.
Begin MonoManager ReloadAssembly
Native extension for WindowsStandalone target not found
Native extension for OSXStandalone target not found
Refreshing native plugins compatible for Editor in 0.38 ms, found 1 plugins.
Preloading 0 native plugins for Editor in 0.00 ms.
Mono: successfully reloaded assembly
- Completed reload, in  1.306 seconds
Platform modules already initialized, skipping
Refreshing native plugins compatible for Editor in 0.38 ms, found 1 plugins.
Preloading 0 native plugins for Editor in 0.00 ms.
Unloading 1109 Unused Serialized files (Serialized files now loaded: 0)
System memory in use before: 132.7 MB.
System memory in use after: 132.8 MB.

Unloading 4 unused Assets to reduce memory usage. Loaded Objects now: 1613.
Total: 3.077002 ms (FindLiveObjects: 0.368194 ms CreateObjectMapping: 0.118888 ms MarkObjects: 2.566026 ms  DeleteObjects: 0.021802 ms)

========================================================================
Received Prepare
Registering precompiled user dll's ...
Registered in 0.001527 seconds.
Begin MonoManager ReloadAssembly
Native extension for WindowsStandalone target not found
Native extension for OSXStandalone target not found
Refreshing native plugins compatible for Editor in 0.46 ms, found 1 plugins.
Preloading 0 native plugins for Editor in 0.00 ms.
Mono: successfully reloaded assembly
- Completed reload, in  1.347 seconds
Platform modules already initialized, skipping
Refreshing native plugins compatible for Editor in 0.40 ms, found 1 plugins.
Preloading 0 native plugins for Editor in 0.00 ms.
Unloading 1109 Unused Serialized files (Serialized files now loaded: 0)
System memory in use before: 132.9 MB.
System memory in use after: 133.0 MB.

Unloading 4 unused Assets to reduce memory usage. Loaded Objects now: 1616.
Total: 1.852954 ms (FindLiveObjects: 0.212126 ms CreateObjectMapping: 0.046502 ms MarkObjects: 1.577462 ms  DeleteObjects: 0.015509 ms)

========================================================================
Received Import Request.
  Time since last request: 50.594082 seconds.
  path: Assets/Scripts/PlayerScript.cs
  artifactKey: Guid(eef780b792fd343ba9348cd751b707da) Importer(815301076,1909f56bfc062723c751e8b465ee728b)
Start importing Assets/Scripts/PlayerScript.cs using Guid(eef780b792fd343ba9348cd751b707da) Importer(815301076,1909f56bfc062723c751e8b465ee728b)  -> (artifact id: '7552cce9c263a3737f7e852331d66ce5') in 0.005610 seconds
  Import took 0.009396 seconds .

========================================================================
Received Import Request.
  Time since last request: 2.087700 seconds.
  path: Assets/Scripts/PlayerScript.cs
  artifactKey: Guid(eef780b792fd343ba9348cd751b707da) Importer(815301076,1909f56bfc062723c751e8b465ee728b)
Start importing Assets/Scripts/PlayerScript.cs using Guid(eef780b792fd343ba9348cd751b707da) Importer(815301076,1909f56bfc062723c751e8b465ee728b)  -> (artifact id: '7552cce9c263a3737f7e852331d66ce5') in 0.001840 seconds
  Import took 0.004185 seconds .

========================================================================
Received Import Request.
  Time since last request: 150.406513 seconds.
  path: Assets/Animations/Idle.anim
  artifactKey: Guid(5d8917285100f4199957863cefce1bdf) Importer(815301076,1909f56bfc062723c751e8b465ee728b)
Start importing Assets/Animations/Idle.anim using Guid(5d8917285100f4199957863cefce1bdf) Importer(815301076,1909f56bfc062723c751e8b465ee728b)  -> (artifact id: 'f58a8fe038f69b651ebe657a98206149') in 0.013899 seconds
  Import took 0.017829 seconds .

========================================================================
Received Import Request.
  Time since last request: 0.003819 seconds.
  path: Assets/Animations/Idle.anim
  artifactKey: Guid(5d8917285100f4199957863cefce1bdf) Importer(815301076,1909f56bfc062723c751e8b465ee728b)
Start importing Assets/Animations/Idle.anim using Guid(5d8917285100f4199957863cefce1bdf) Importer(815301076,1909f56bfc062723c751e8b465ee728b)  -> (artifact id: 'f58a8fe038f69b651ebe657a98206149') in 0.002937 seconds
  Import took 0.005758 seconds .

========================================================================
Received Prepare
Registering precompiled user dll's ...
Registered in 0.000533 seconds.
Begin MonoManager ReloadAssembly
Native extension for WindowsStandalone target not found
Native extension for OSXStandalone target not found
Refreshing native plugins compatible for Editor in 0.29 ms, found 1 plugins.
Preloading 0 native plugins for Editor in 0.00 ms.
Mono: successfully reloaded assembly
- Completed reload, in  1.237 seconds
Platform modules already initialized, skipping
Refreshing native plugins compatible for Editor in 0.44 ms, found 1 plugins.
Preloading 0 native plugins for Editor in 0.00 ms.
Unloading 1109 Unused Serialized files (Serialized files now loaded: 0)
System memory in use before: 133.1 MB.
System memory in use after: 133.2 MB.

Unloading 4 unused Assets to reduce memory usage. Loaded Objects now: 1619.
Total: 2.108358 ms (FindLiveObjects: 0.219070 ms CreateObjectMapping: 0.048660 ms MarkObjects: 1.822019 ms  DeleteObjects: 0.017065 ms)

========================================================================
Received Prepare
Registering precompiled user dll's ...
Registered in 0.000682 seconds.
Begin MonoManager ReloadAssembly
Native extension for WindowsStandalone target not found
Native extension for OSXStandalone target not found
Refreshing native plugins compatible for Editor in 0.29 ms, found 1 plugins.
Preloading 0 native plugins for Editor in 0.00 ms.
Mono: successfully reloaded assembly
- Completed reload, in  1.243 seconds
Platform modules already initialized, skipping
Refreshing native plugins compatible for Editor in 0.28 ms, found 1 plugins.
Preloading 0 native plugins for Editor in 0.00 ms.
Unloading 1109 Unused Serialized files (Serialized files now loaded: 0)
System memory in use before: 133.3 MB.
System memory in use after: 133.3 MB.

Unloading 4 unused Assets to reduce memory usage. Loaded Objects now: 1622.
Total: 2.110793 ms (FindLiveObjects: 0.241153 ms CreateObjectMapping: 0.044931 ms MarkObjects: 1.805455 ms  DeleteObjects: 0.016824 ms)

========================================================================
Received Import Request.
  Time since last request: 715.194954 seconds.
  path: Assets/Scripts/PlayerScript.cs
  artifactKey: Guid(eef780b792fd343ba9348cd751b707da) Importer(815301076,1909f56bfc062723c751e8b465ee728b)
Start importing Assets/Scripts/PlayerScript.cs using Guid(eef780b792fd343ba9348cd751b707da) Importer(815301076,1909f56bfc062723c751e8b465ee728b)  -> (artifact id: '807fb5b99030cc934b6a4e5827cf1f7f') in 0.004734 seconds
  Import took 0.009193 seconds .

========================================================================
Received Prepare
Registering precompiled user dll's ...
Registered in 0.000431 seconds.
Begin MonoManager ReloadAssembly
Native extension for WindowsStandalone target not found
Native extension for OSXStandalone target not found
Refreshing native plugins compatible for Editor in 0.33 ms, found 1 plugins.
Preloading 0 native plugins for Editor in 0.00 ms.
Mono: successfully reloaded assembly
- Completed reload, in  1.297 seconds
Platform modules already initialized, skipping
Refreshing native plugins compatible for Editor in 0.27 ms, found 1 plugins.
Preloading 0 native plugins for Editor in 0.00 ms.
Unloading 1109 Unused Serialized files (Serialized files now loaded: 0)
System memory in use before: 133.4 MB.
System memory in use after: 133.5 MB.

Unloading 4 unused Assets to reduce memory usage. Loaded Objects now: 1625.
Total: 2.914660 ms (FindLiveObjects: 0.201115 ms CreateObjectMapping: 0.056481 ms MarkObjects: 2.636727 ms  DeleteObjects: 0.018830 ms)

========================================================================
Received Import Request.
  Time since last request: 171.757562 seconds.
  path: Assets/Scripts/PlayerScript.cs
  artifactKey: Guid(eef780b792fd343ba9348cd751b707da) Importer(815301076,1909f56bfc062723c751e8b465ee728b)
Start importing Assets/Scripts/PlayerScript.cs using Guid(eef780b792fd343ba9348cd751b707da) Importer(815301076,1909f56bfc062723c751e8b465ee728b)  -> (artifact id: '2588729578aa37dcb4f82a6c58dcf0c0') in 0.006233 seconds
  Import took 0.009710 seconds .

========================================================================
Received Import Request.
  Time since last request: 1.475182 seconds.
  path: Assets/Scripts/PlayerScript.cs
  artifactKey: Guid(eef780b792fd343ba9348cd751b707da) Importer(815301076,1909f56bfc062723c751e8b465ee728b)
Start importing Assets/Scripts/PlayerScript.cs using Guid(eef780b792fd343ba9348cd751b707da) Importer(815301076,1909f56bfc062723c751e8b465ee728b)  -> (artifact id: '2588729578aa37dcb4f82a6c58dcf0c0') in 0.001491 seconds
  Import took 0.003848 seconds .

========================================================================
Received Prepare
Registering precompiled user dll's ...
Registered in 0.001682 seconds.
Begin MonoManager ReloadAssembly
Native extension for WindowsStandalone target not found
Native extension for OSXStandalone target not found
Refreshing native plugins compatible for Editor in 0.28 ms, found 1 plugins.
Preloading 0 native plugins for Editor in 0.00 ms.
Mono: successfully reloaded assembly
- Completed reload, in  1.392 seconds
Platform modules already initialized, skipping
Refreshing native plugins compatible for Editor in 0.42 ms, found 1 plugins.
Preloading 0 native plugins for Editor in 0.00 ms.
Unloading 1109 Unused Serialized files (Serialized files now loaded: 0)
System memory in use before: 133.6 MB.
System memory in use after: 133.7 MB.

Unloading 4 unused Assets to reduce memory usage. Loaded Objects now: 1628.
Total: 2.469801 ms (FindLiveObjects: 0.344882 ms CreateObjectMapping: 0.153404 ms MarkObjects: 1.947713 ms  DeleteObjects: 0.021569 ms)

========================================================================
Received Prepare
Registering precompiled user dll's ...
Registered in 0.000531 seconds.
Begin MonoManager ReloadAssembly
Native extension for WindowsStandalone target not found
Native extension for OSXStandalone target not found
Refreshing native plugins compatible for Editor in 0.30 ms, found 1 plugins.
Preloading 0 native plugins for Editor in 0.00 ms.
Mono: successfully reloaded assembly
- Completed reload, in  1.236 seconds
Platform modules already initialized, skipping
Refreshing native plugins compatible for Editor in 0.35 ms, found 1 plugins.
Preloading 0 native plugins for Editor in 0.00 ms.
Unloading 1109 Unused Serialized files (Serialized files now loaded: 0)
System memory in use before: 133.8 MB.
System memory in use after: 133.9 MB.

Unloading 4 unused Assets to reduce memory usage. Loaded Objects now: 1631.
Total: 2.907335 ms (FindLiveObjects: 0.209177 ms CreateObjectMapping: 0.057648 ms MarkObjects: 2.609375 ms  DeleteObjects: 0.028605 ms)

========================================================================
Received Prepare
Registering precompiled user dll's ...
Registered in 0.000498 seconds.
Begin MonoManager ReloadAssembly
Native extension for WindowsStandalone target not found
Native extension for OSXStandalone target not found
Refreshing native plugins compatible for Editor in 1.08 ms, found 1 plugins.
Preloading 0 native plugins for Editor in 0.00 ms.
Mono: successfully reloaded assembly
- Completed reload, in  1.404 seconds
Platform modules already initialized, skipping
Refreshing native plugins compatible for Editor in 0.28 ms, found 1 plugins.
Preloading 0 native plugins for Editor in 0.00 ms.
Unloading 1109 Unused Serialized files (Serialized files now loaded: 0)
System memory in use before: 134.0 MB.
System memory in use after: 134.1 MB.

Unloading 4 unused Assets to reduce memory usage. Loaded Objects now: 1634.
Total: 2.317572 ms (FindLiveObjects: 0.313234 ms CreateObjectMapping: 0.071160 ms MarkObjects: 1.908520 ms  DeleteObjects: 0.021932 ms)

========================================================================
Received Import Request.
  Time since last request: 1152.597004 seconds.
  path: Assets/Scripts/PlayerScript.cs
  artifactKey: Guid(eef780b792fd343ba9348cd751b707da) Importer(815301076,1909f56bfc062723c751e8b465ee728b)
Start importing Assets/Scripts/PlayerScript.cs using Guid(eef780b792fd343ba9348cd751b707da) Importer(815301076,1909f56bfc062723c751e8b465ee728b)  -> (artifact id: '274a48e8e8c4198d411f3f0c826a50f0') in 0.005271 seconds
  Import took 0.008420 seconds .

========================================================================
Received Prepare
Registering precompiled user dll's ...
Registered in 0.001529 seconds.
Begin MonoManager ReloadAssembly
Native extension for WindowsStandalone target not found
Native extension for OSXStandalone target not found
Refreshing native plugins compatible for Editor in 0.32 ms, found 1 plugins.
Preloading 0 native plugins for Editor in 0.00 ms.
Mono: successfully reloaded assembly
- Completed reload, in  1.317 seconds
Platform modules already initialized, skipping
Refreshing native plugins compatible for Editor in 0.33 ms, found 1 plugins.
Preloading 0 native plugins for Editor in 0.00 ms.
Unloading 1109 Unused Serialized files (Serialized files now loaded: 0)
System memory in use before: 134.2 MB.
System memory in use after: 134.2 MB.

Unloading 4 unused Assets to reduce memory usage. Loaded Objects now: 1637.
Total: 3.693266 ms (FindLiveObjects: 0.331784 ms CreateObjectMapping: 0.052599 ms MarkObjects: 3.282427 ms  DeleteObjects: 0.024124 ms)

========================================================================
Received Prepare
Registering precompiled user dll's ...
Registered in 0.000429 seconds.
Begin MonoManager ReloadAssembly
Native extension for WindowsStandalone target not found
Native extension for OSXStandalone target not found
Refreshing native plugins compatible for Editor in 0.27 ms, found 1 plugins.
Preloading 0 native plugins for Editor in 0.00 ms.
Mono: successfully reloaded assembly
- Completed reload, in  1.221 seconds
Platform modules already initialized, skipping
Refreshing native plugins compatible for Editor in 0.32 ms, found 1 plugins.
Preloading 0 native plugins for Editor in 0.00 ms.
Unloading 1109 Unused Serialized files (Serialized files now loaded: 0)
System memory in use before: 134.3 MB.
System memory in use after: 134.4 MB.

Unloading 4 unused Assets to reduce memory usage. Loaded Objects now: 1640.
Total: 2.515764 ms (FindLiveObjects: 0.310225 ms CreateObjectMapping: 0.069679 ms MarkObjects: 2.112598 ms  DeleteObjects: 0.020317 ms)

========================================================================
Received Import Request.
  Time since last request: 344.943136 seconds.
  path: Assets/Scripts/PlayerScript.cs
  artifactKey: Guid(eef780b792fd343ba9348cd751b707da) Importer(815301076,1909f56bfc062723c751e8b465ee728b)
Start importing Assets/Scripts/PlayerScript.cs using Guid(eef780b792fd343ba9348cd751b707da) Importer(815301076,1909f56bfc062723c751e8b465ee728b)  -> (artifact id: '02a3f164440e550e5a5ed735df89a20e') in 0.007563 seconds
  Import took 0.012528 seconds .

========================================================================
Received Import Request.
  Time since last request: 0.001110 seconds.
  path: Assets/Scripts/PlayerScript.cs
  artifactKey: Guid(eef780b792fd343ba9348cd751b707da) Importer(815301076,1909f56bfc062723c751e8b465ee728b)
Start importing Assets/Scripts/PlayerScript.cs using Guid(eef780b792fd343ba9348cd751b707da) Importer(815301076,1909f56bfc062723c751e8b465ee728b)  -> (artifact id: '02a3f164440e550e5a5ed735df89a20e') in 0.001881 seconds
  Import took 0.004481 seconds .

========================================================================
Received Prepare
Registering precompiled user dll's ...
Registered in 0.000478 seconds.
Begin MonoManager ReloadAssembly
Native extension for WindowsStandalone target not found
Native extension for OSXStandalone target not found
Refreshing native plugins compatible for Editor in 0.28 ms, found 1 plugins.
Preloading 0 native plugins for Editor in 0.00 ms.
Mono: successfully reloaded assembly
- Completed reload, in  1.274 seconds
Platform modules already initialized, skipping
Refreshing native plugins compatible for Editor in 0.25 ms, found 1 plugins.
Preloading 0 native plugins for Editor in 0.00 ms.
Unloading 1109 Unused Serialized files (Serialized files now loaded: 0)
System memory in use before: 134.5 MB.
System memory in use after: 134.6 MB.

Unloading 4 unused Assets to reduce memory usage. Loaded Objects now: 1643.
Total: 2.065942 ms (FindLiveObjects: 0.230309 ms CreateObjectMapping: 0.078962 ms MarkObjects: 1.739392 ms  DeleteObjects: 0.016015 ms)

========================================================================
Received Import Request.
  Time since last request: 89.306867 seconds.
  path: Assets/Scripts/PlayerScript.cs
  artifactKey: Guid(eef780b792fd343ba9348cd751b707da) Importer(815301076,1909f56bfc062723c751e8b465ee728b)
Start importing Assets/Scripts/PlayerScript.cs using Guid(eef780b792fd343ba9348cd751b707da) Importer(815301076,1909f56bfc062723c751e8b465ee728b)  -> (artifact id: '757d548ba11f2a686e2ff02c5b4f5b44') in 0.004905 seconds
  Import took 0.007432 seconds .

========================================================================
Received Prepare
Registering precompiled user dll's ...
Registered in 0.000793 seconds.
Begin MonoManager ReloadAssembly
Native extension for WindowsStandalone target not found
Native extension for OSXStandalone target not found
Refreshing native plugins compatible for Editor in 0.31 ms, found 1 plugins.
Preloading 0 native plugins for Editor in 0.00 ms.
Mono: successfully reloaded assembly
- Completed reload, in  1.437 seconds
Platform modules already initialized, skipping
Refreshing native plugins compatible for Editor in 0.30 ms, found 1 plugins.
Preloading 0 native plugins for Editor in 0.00 ms.
Unloading 1109 Unused Serialized files (Serialized files now loaded: 0)
System memory in use before: 134.7 MB.
System memory in use after: 134.8 MB.

Unloading 4 unused Assets to reduce memory usage. Loaded Objects now: 1646.
Total: 3.093994 ms (FindLiveObjects: 0.360150 ms CreateObjectMapping: 0.109466 ms MarkObjects: 2.601179 ms  DeleteObjects: 0.020982 ms)

========================================================================
Received Import Request.
  Time since last request: 40.109437 seconds.
  path: Assets/Scripts/PlayerScript.cs
  artifactKey: Guid(eef780b792fd343ba9348cd751b707da) Importer(815301076,1909f56bfc062723c751e8b465ee728b)
Start importing Assets/Scripts/PlayerScript.cs using Guid(eef780b792fd343ba9348cd751b707da) Importer(815301076,1909f56bfc062723c751e8b465ee728b)  -> (artifact id: '3c3b37b7a521c48766d5c3b78b14b9fa') in 0.004281 seconds
  Import took 0.007782 seconds .

========================================================================
Received Prepare
Registering precompiled user dll's ...
Registered in 0.000538 seconds.
Begin MonoManager ReloadAssembly
Native extension for WindowsStandalone target not found
Native extension for OSXStandalone target not found
Refreshing native plugins compatible for Editor in 0.25 ms, found 1 plugins.
Preloading 0 native plugins for Editor in 0.00 ms.
Mono: successfully reloaded assembly
- Completed reload, in  1.260 seconds
Platform modules already initialized, skipping
Refreshing native plugins compatible for Editor in 0.26 ms, found 1 plugins.
Preloading 0 native plugins for Editor in 0.00 ms.
Unloading 1109 Unused Serialized files (Serialized files now loaded: 0)
System memory in use before: 134.9 MB.
System memory in use after: 134.9 MB.

Unloading 4 unused Assets to reduce memory usage. Loaded Objects now: 1649.
Total: 2.260577 ms (FindLiveObjects: 0.289432 ms CreateObjectMapping: 0.061925 ms MarkObjects: 1.883770 ms  DeleteObjects: 0.023327 ms)

