Using pre-set license

 COMMAND LINE ARGUMENTS:
/Users/evena/Desktop/unity/2020.3.6f1/Unity.app/Contents/MacOS/Unity
-adb2
-batchMode
-noUpm
-name
AssetImportWorker0
-projectPath
/Users/evena/Documents/GitHub/CIT_Projects/HJ
-logFile
Logs/AssetImportWorker0.log
-srvPort
59534
Successfully changed project path to: /Users/evena/Documents/GitHub/CIT_Projects/HJ
/Users/evena/Documents/GitHub/CIT_Projects/HJ
Using Asset Import Pipeline V2.
Refreshing native plugins compatible for Editor in 43.16 ms, found 1 plugins.
Preloading 0 native plugins for Editor in 0.00 ms.
Initialize engine version: 2020.3.6f1 (338bb68529b2)
[Subsystems] Discovering subsystems at path /Users/evena/Desktop/unity/2020.3.6f1/Unity.app/Contents/Resources/UnitySubsystems
[Subsystems] Discovering subsystems at path /Users/evena/Documents/GitHub/CIT_Projects/HJ/Assets
GfxDevice: creating device client; threaded=0
2021-11-07 14:58:35.617 Unity[10116:993709] Color LCD preferred device: Intel(R) UHD Graphics 617 (low power)
2021-11-07 14:58:35.617 Unity[10116:993709] Metal devices available: 1
2021-11-07 14:58:35.617 Unity[10116:993709] 0: Intel(R) UHD Graphics 617 (low power)
2021-11-07 14:58:35.619 Unity[10116:993709] Using device Intel(R) UHD Graphics 617 (low power)
Initializing Metal device caps: Intel(R) UHD Graphics 617
Initialize mono
Mono path[0] = '/Users/evena/Desktop/unity/2020.3.6f1/Unity.app/Contents/Managed'
Mono path[1] = '/Users/evena/Desktop/unity/2020.3.6f1/Unity.app/Contents/MonoBleedingEdge/lib/mono/unityjit'
Mono config path = '/Users/evena/Desktop/unity/2020.3.6f1/Unity.app/Contents/MonoBleedingEdge/etc'
Using monoOptions --debugger-agent=transport=dt_socket,embedding=1,server=y,suspend=n,address=127.0.0.1:56116
Begin MonoManager ReloadAssembly
Registering precompiled unity dll's ...
Register platform support module: /Users/evena/Desktop/unity/2020.3.6f1/Unity.app/Contents/PlaybackEngines/MacStandaloneSupport/UnityEditor.OSXStandalone.Extensions.dll
Register platform support module: /Users/evena/Desktop/unity/2020.3.6f1/PlaybackEngines/WindowsStandaloneSupport/UnityEditor.WindowsStandalone.Extensions.dll
Registered in 0.004362 seconds.
Native extension for WindowsStandalone target not found
Native extension for OSXStandalone target not found
Refreshing native plugins compatible for Editor in 35.23 ms, found 1 plugins.
Preloading 0 native plugins for Editor in 0.00 ms.
Mono: successfully reloaded assembly
- Completed reload, in  3.078 seconds
Platform modules already initialized, skipping
Registering precompiled user dll's ...
Registered in 0.003917 seconds.
Begin MonoManager ReloadAssembly
Native extension for WindowsStandalone target not found
Native extension for OSXStandalone target not found
Refreshing native plugins compatible for Editor in 0.34 ms, found 1 plugins.
Preloading 0 native plugins for Editor in 0.00 ms.
Mono: successfully reloaded assembly
- Completed reload, in  1.455 seconds
Platform modules already initialized, skipping
========================================================================
Worker process is ready to serve import requests
Launching external process: /Users/evena/Desktop/unity/2020.3.6f1/Unity.app/Contents/Tools/UnityShaderCompiler
Launched and connected shader compiler UnityShaderCompiler after 0.02 seconds
Refreshing native plugins compatible for Editor in 0.36 ms, found 1 plugins.
Preloading 0 native plugins for Editor in 0.00 ms.
Unloading 1267 Unused Serialized files (Serialized files now loaded: 0)
System memory in use before: 126.3 MB.
System memory in use after: 126.4 MB.

Unloading 10 unused Assets to reduce memory usage. Loaded Objects now: 1714.
Total: 2.697636 ms (FindLiveObjects: 0.273575 ms CreateObjectMapping: 0.093921 ms MarkObjects: 2.191556 ms  DeleteObjects: 0.136406 ms)

========================================================================
Received Import Request.
  path: Assets/Animations/Player.controller
  artifactKey: Guid(e42bb70d1d6494927bf77617a178a08c) Importer(815301076,1909f56bfc062723c751e8b465ee728b)
Start importing Assets/Animations/Player.controller using Guid(e42bb70d1d6494927bf77617a178a08c) Importer(815301076,1909f56bfc062723c751e8b465ee728b)  -> (artifact id: '368fdecb798c75c752004322642f4444') in 0.370481 seconds
  Import took 0.375028 seconds .

========================================================================
Received Prepare
Registering precompiled user dll's ...
Registered in 0.005128 seconds.
Begin MonoManager ReloadAssembly
Native extension for WindowsStandalone target not found
Native extension for OSXStandalone target not found
Refreshing native plugins compatible for Editor in 0.47 ms, found 1 plugins.
Preloading 0 native plugins for Editor in 0.00 ms.
Mono: successfully reloaded assembly
- Completed reload, in  1.442 seconds
Platform modules already initialized, skipping
Refreshing native plugins compatible for Editor in 0.55 ms, found 1 plugins.
Preloading 0 native plugins for Editor in 0.00 ms.
Unloading 1252 Unused Serialized files (Serialized files now loaded: 0)
System memory in use before: 129.9 MB.
System memory in use after: 130.0 MB.

Unloading 5 unused Assets to reduce memory usage. Loaded Objects now: 1717.
Total: 3.275903 ms (FindLiveObjects: 0.372277 ms CreateObjectMapping: 0.144917 ms MarkObjects: 2.719095 ms  DeleteObjects: 0.037683 ms)

========================================================================
Received Prepare
Registering precompiled user dll's ...
Registered in 0.000650 seconds.
Begin MonoManager ReloadAssembly
Native extension for WindowsStandalone target not found
Native extension for OSXStandalone target not found
Refreshing native plugins compatible for Editor in 0.51 ms, found 1 plugins.
Preloading 0 native plugins for Editor in 0.00 ms.
Mono: successfully reloaded assembly
- Completed reload, in  1.303 seconds
Platform modules already initialized, skipping
Refreshing native plugins compatible for Editor in 0.36 ms, found 1 plugins.
Preloading 0 native plugins for Editor in 0.00 ms.
Unloading 1252 Unused Serialized files (Serialized files now loaded: 0)
System memory in use before: 130.1 MB.
System memory in use after: 130.2 MB.

Unloading 5 unused Assets to reduce memory usage. Loaded Objects now: 1720.
Total: 2.773318 ms (FindLiveObjects: 0.304345 ms CreateObjectMapping: 0.092330 ms MarkObjects: 2.347758 ms  DeleteObjects: 0.027249 ms)

========================================================================
Received Prepare
Registering precompiled user dll's ...
Registered in 0.000673 seconds.
Begin MonoManager ReloadAssembly
Native extension for WindowsStandalone target not found
Native extension for OSXStandalone target not found
Refreshing native plugins compatible for Editor in 0.41 ms, found 1 plugins.
Preloading 0 native plugins for Editor in 0.00 ms.
Mono: successfully reloaded assembly
- Completed reload, in  1.466 seconds
Platform modules already initialized, skipping
Refreshing native plugins compatible for Editor in 0.36 ms, found 1 plugins.
Preloading 0 native plugins for Editor in 0.00 ms.
Unloading 1252 Unused Serialized files (Serialized files now loaded: 0)
System memory in use before: 130.3 MB.
System memory in use after: 130.4 MB.

Unloading 5 unused Assets to reduce memory usage. Loaded Objects now: 1723.
Total: 2.103909 ms (FindLiveObjects: 0.260904 ms CreateObjectMapping: 0.056893 ms MarkObjects: 1.768500 ms  DeleteObjects: 0.016528 ms)

